<?xml version="1.0" encoding="UTF-8"?>
<!-- Generated by org.testng.reporters.JUnitReportReporter -->
<testsuite hostname="MWDH-Work2" failures="0" tests="1" name="ass2W9D5.ChromWhebDriverAss2W9D5" time="8.953" errors="0" timestamp="2022-08-06T00:23:05 AST" skipped="0">
  <testcase classname="ass2W9D5.ChromWhebDriverAss2W9D5" name="LearnEnglishWebSite" time="8.953"/>
  <system-out/>
</testsuite> <!-- ass2W9D5.ChromWhebDriverAss2W9D5 -->
